{"level":"info","message":"Patent created: 677ec8efa8e59a2ff4638c86"}
{"level":"warn","message":"Validation failed for patent creation"}
{"level":"info","message":"Search performed successfully"}
{"level":"info","message":"Patent updated: 677ec8efa8e59a2ff4638c83"}
{"level":"warn","message":"Patent not found or unauthorized"}
{"level":"info","message":"Patent deleted: 677ec8efa8e59a2ff4638c83"}
{"level":"info","message":"Patent created: 677ece6ab1d9bfd379bd9a6d"}
{"level":"warn","message":"Validation failed for patent creation"}
{"level":"info","message":"Search performed successfully"}
{"level":"info","message":"Patent updated: 677ece6ab1d9bfd379bd9a6a"}
{"level":"warn","message":"Patent not found or unauthorized"}
{"level":"info","message":"Patent deleted: 677ece6ab1d9bfd379bd9a6a"}
{"level":"info","message":"Patent created: 677ed8090ad09ebb3d75fe6f"}
{"level":"warn","message":"Validation failed for patent creation"}
{"level":"info","message":"Search performed successfully"}
{"level":"info","message":"Patent updated: 677ed8090ad09ebb3d75fe6c"}
{"level":"warn","message":"Patent not found or unauthorized"}
{"level":"info","message":"Patent deleted: 677ed8090ad09ebb3d75fe6c"}
{"level":"info","message":"Search performed successfully"}
{"level":"info","message":"Patent created: 677ed875ee0ed80c00a10930"}
{"level":"warn","message":"Validation failed for patent creation"}
{"level":"info","message":"Search performed successfully"}
{"level":"info","message":"Patent updated: 677ed875ee0ed80c00a1092d"}
{"level":"warn","message":"Patent not found or unauthorized"}
{"level":"info","message":"Patent deleted: 677ed875ee0ed80c00a1092d"}
{"level":"info","message":"Search performed successfully"}
{"level":"info","message":"Patent created: 677ed93803044df483048b3c"}
{"level":"warn","message":"Validation failed for patent creation"}
{"level":"info","message":"Search performed successfully"}
{"level":"info","message":"Patent updated: 677ed93803044df483048b39"}
{"level":"warn","message":"Patent not found or unauthorized"}
{"level":"info","message":"Patent deleted: 677ed93803044df483048b39"}
{"level":"info","message":"Search performed successfully"}
{"level":"info","message":"Patent created: 677edad2d0e16b576409f95e"}
{"level":"warn","message":"Validation failed for patent creation"}
{"level":"info","message":"Search performed successfully"}
{"level":"info","message":"Patent updated: 677edad2d0e16b576409f95b"}
{"level":"warn","message":"Patent not found or unauthorized"}
{"level":"info","message":"Patent deleted: 677edad2d0e16b576409f95b"}
{"level":"info","message":"Search performed successfully"}
{"level":"info","message":"Search performed successfully"}
{"level":"info","message":"Patent created: 6781a04ead223ad6664341a0"}
{"level":"warn","message":"Validation failed for patent creation"}
{"level":"info","message":"Search performed successfully"}
{"level":"info","message":"Patent updated: 6781a04ead223ad66643419d"}
{"level":"warn","message":"Patent not found or unauthorized"}
{"level":"info","message":"Patent deleted: 6781a04ead223ad66643419d"}
{"level":"info","message":"Search performed successfully"}
{"level":"info","message":"Patent created: 6781a188cac69c8dea116767"}
{"level":"info","message":"Search performed successfully"}
{"level":"info","message":"Search performed successfully"}
{"level":"info","message":"Search performed successfully"}
{"level":"info","message":"Search performed successfully"}
{"level":"info","message":"Search performed successfully"}
{"level":"info","message":"Search performed successfully"}
{"level":"info","message":"Search performed successfully"}
{"level":"info","message":"Search performed successfully"}
{"level":"info","message":"Search performed successfully"}
{"level":"info","message":"Search performed successfully"}
{"level":"info","message":"Search performed successfully"}
{"level":"info","message":"Search performed successfully"}
{"level":"info","message":"Search performed successfully"}
{"level":"info","message":"Search performed successfully"}
{"level":"info","message":"Search performed successfully"}
{"level":"info","message":"Search performed successfully"}
{"level":"info","message":"Search performed successfully"}
{"level":"info","message":"Search performed successfully"}
{"level":"warn","message":"Validation failed for patent creation"}
{"level":"info","message":"Search performed successfully"}
{"level":"info","message":"Search performed successfully"}
{"level":"info","message":"Patent created: 67827233187538148b8a5b23"}
{"level":"info","message":"Search performed successfully"}
{"level":"info","message":"Search performed successfully"}
{"level":"info","message":"Search performed successfully"}
{"level":"info","message":"Search performed successfully"}
{"level":"info","message":"Search performed successfully"}
{"level":"info","message":"Search performed successfully"}
{"level":"info","message":"Patent updated: 6781a188cac69c8dea116767"}
{"level":"info","message":"Patent updated: 6781a188cac69c8dea116767"}
{"level":"info","message":"Patent deleted: 6781a188cac69c8dea116767"}
{"level":"info","message":"Search performed successfully"}
{"level":"info","message":"Search performed successfully"}
{"level":"info","message":"Search performed successfully"}
{"level":"info","message":"Search performed successfully"}
{"level":"info","message":"Patent created: 678274b5187538148b8a5b6b"}
{"level":"info","message":"Search performed successfully"}
{"level":"info","message":"Search performed successfully"}
{"level":"info","message":"Patent updated: 678274b5187538148b8a5b6b"}
{"level":"info","message":"Search performed successfully"}
{"level":"info","message":"Search performed successfully"}
{"level":"info","message":"Search performed successfully"}
{"level":"info","message":"Search performed successfully"}
{"level":"info","message":"Search performed successfully"}
{"level":"info","message":"Search performed successfully"}
{"level":"info","message":"Search performed successfully"}
{"level":"info","message":"Search performed successfully"}
{"level":"info","message":"Search performed successfully"}
{"level":"info","message":"Search performed successfully"}
{"level":"info","message":"Search performed successfully"}
{"level":"info","message":"Search performed successfully"}
{"level":"info","message":"Search performed successfully"}
{"level":"info","message":"Search performed successfully"}
{"level":"info","message":"Search performed successfully"}
{"level":"info","message":"Search performed successfully"}
{"level":"info","message":"Search performed successfully"}
{"level":"info","message":"Search performed successfully"}
